{"logTime": "0701/104016", "correlationVector":"2/Qjq26MtaBkGcx0h/EL71.1","action":"SyncServerConnectionManagerRequest", "result":"SYNC_SERVER_OK", "context":{"environment":"Prod_SoutheastAsia_000j", "migrationStage":"NotStarted", "server":"GENERAL0300003L"}}
{"logTime": "0701/104017", "correlationVector":"G6LEsYTIvCN7lp9rJ+5BSY","action":"SyncServerConnectionManagerRequest", "result":"SYNC_SERVER_OK", "context":{"environment":"", "migrationStage":"", "server":""}}
{"logTime": "0701/104017", "correlationVector":"2/Qjq26MtaBkGcx0h/EL71","action":"Initial GetUpdates", "result":"", "context":Reason: NEW_CLIENT. cV=2/Qjq26MtaBkGcx0h/EL71}
{"logTime": "0701/104017", "correlationVector":"2/Qjq26MtaBkGcx0h/EL71.2","action":"GetUpdates Response", "result":"Success", "context":Received 1 update(s). cV=2/Qjq26MtaBkGcx0h/EL71.0;server=GENERAL0300003L;cloudType=Consumer;environment=Prod_SoutheastAsia_000j;migrationStage=NotStarted}
{"logTime": "0701/104033", "correlationVector":"SPWErSJQlS3qiwpQ9+4WHW","action":"Initial GetUpdates", "result":"", "context":Reason: NEW_CLIENT. cV=SPWErSJQlS3qiwpQ9+4WHW}
{"logTime": "0701/104033", "correlationVector":"SPWErSJQlS3qiwpQ9+4WHW.1","action":"SyncServerConnectionManagerRequest", "result":"SYNC_SERVER_OK", "context":{"environment":"Prod_SoutheastAsia_000j", "migrationStage":"NotStarted", "server":"GENERAL0300001I"}}
{"logTime": "0701/104033", "correlationVector":"SPWErSJQlS3qiwpQ9+4WHW.2","action":"GetUpdates Response", "result":"Success", "context":Received 8 update(s). cV=SPWErSJQlS3qiwpQ9+4WHW.0;server=GENERAL0300001I;cloudType=Consumer;environment=Prod_SoutheastAsia_000j;migrationStage=NotStarted}
{"logTime": "0701/104033", "correlationVector":"05w4RO5a5Dw20j6lYgkU1v","action":"Normal GetUpdate request", "result":"", "context":cV=05w4RO5a5Dw20j6lYgkU1v
Nudged types: Device Info, User Consents
Refresh requested types: Device Info, User Consents, Send Tab To Self, Encryption Keys}
{"logTime": "0701/104033", "correlationVector":"05w4RO5a5Dw20j6lYgkU1v.1","action":"SyncServerConnectionManagerRequest", "result":"SYNC_SERVER_OK", "context":{"environment":"Prod_SoutheastAsia_000j", "migrationStage":"NotStarted", "server":"GENERAL01000011"}}
{"logTime": "0701/104033", "correlationVector":"05w4RO5a5Dw20j6lYgkU1v.2","action":"GetUpdates Response", "result":"Success", "context":Received 0 update(s). cV=05w4RO5a5Dw20j6lYgkU1v.0;server=GENERAL01000011;cloudType=Consumer;environment=Prod_SoutheastAsia_000j;migrationStage=NotStarted}
{"logTime": "0701/104033", "correlationVector":"fhbzNaNkU8eiW4EeVDohhr","action":"Commit Request", "result":"", "context":Item count: 2
Contributing types: Device Info, User Consents}
{"logTime": "0701/104034", "correlationVector":"fhbzNaNkU8eiW4EeVDohhr.1","action":"SyncServerConnectionManagerRequest", "result":"SYNC_SERVER_OK", "context":{"environment":"Prod_SoutheastAsia_000j", "migrationStage":"NotStarted", "server":"GENERAL0100001H"}}
{"logTime": "0701/104034", "correlationVector":"fhbzNaNkU8eiW4EeVDohhr.2","action":"Commit Response", "result":"Success", "context":Result: Success. cV=fhbzNaNkU8eiW4EeVDohhr.0;server=GENERAL0100001H;cloudType=Consumer;environment=Prod_SoutheastAsia_000j;migrationStage=NotStarted}
{"logTime": "0701/104034", "correlationVector":"Uyql9Og29MaCWvb3Z3hQZn","action":"Normal GetUpdate request", "result":"", "context":cV=Uyql9Og29MaCWvb3Z3hQZn
Nudged types: Device Info}
{"logTime": "0701/104035", "correlationVector":"Uyql9Og29MaCWvb3Z3hQZn.1","action":"SyncServerConnectionManagerRequest", "result":"SYNC_SERVER_OK", "context":{"environment":"Prod_SoutheastAsia_000j", "migrationStage":"NotStarted", "server":"GENERAL03000022"}}
{"logTime": "0701/104035", "correlationVector":"Uyql9Og29MaCWvb3Z3hQZn.2","action":"GetUpdates Response", "result":"Success", "context":Received 1 update(s). cV=Uyql9Og29MaCWvb3Z3hQZn.0;server=GENERAL03000022;cloudType=Consumer;environment=Prod_SoutheastAsia_000j;migrationStage=NotStarted}
{"logTime": "0701/104513", "correlationVector":"MUsIIivgmGLq0S44jYuom5","action":"Normal GetUpdate request", "result":"", "context":cV=MUsIIivgmGLq0S44jYuom5
Refresh requested types: Device Info, User Consents, Send Tab To Self, Encryption Keys}
{"logTime": "0701/104514", "correlationVector":"MUsIIivgmGLq0S44jYuom5.1","action":"SyncServerConnectionManagerRequest", "result":"SYNC_SERVER_OK", "context":{"environment":"Prod_SoutheastAsia_000j", "migrationStage":"NotStarted", "server":"GENERAL01000009"}}
{"logTime": "0701/104514", "correlationVector":"MUsIIivgmGLq0S44jYuom5.2","action":"GetUpdates Response", "result":"Success", "context":Received 0 update(s). cV=MUsIIivgmGLq0S44jYuom5.0;server=GENERAL01000009;cloudType=Consumer;environment=Prod_SoutheastAsia_000j;migrationStage=NotStarted}
{"logTime": "0701/114959", "correlationVector":"7ur9UkZXxiaaEYdIV9iW1c.1","action":"SyncServerConnectionManagerRequest", "result":"SYNC_SERVER_OK", "context":{"environment":"Prod_SoutheastAsia_000j", "migrationStage":"NotStarted", "server":"GENERAL0300000L"}}
{"logTime": "0701/115000", "correlationVector":"fNL35dPEQMOtqWBp8dAEPs","action":"SyncServerConnectionManagerRequest", "result":"SYNC_SERVER_OK", "context":{"environment":"", "migrationStage":"", "server":""}}
{"logTime": "0701/115000", "correlationVector":"7ur9UkZXxiaaEYdIV9iW1c","action":"Initial GetUpdates", "result":"", "context":Reason: NEW_CLIENT. cV=7ur9UkZXxiaaEYdIV9iW1c}
{"logTime": "0701/115000", "correlationVector":"7ur9UkZXxiaaEYdIV9iW1c.2","action":"GetUpdates Response", "result":"Success", "context":Received 1 update(s). cV=7ur9UkZXxiaaEYdIV9iW1c.0;server=GENERAL0300000L;cloudType=Consumer;environment=Prod_SoutheastAsia_000j;migrationStage=NotStarted}
{"logTime": "0701/115000", "correlationVector":"bPpBdiJgWHEDlcP7Jw5JX2","action":"Normal GetUpdate request", "result":"", "context":cV=bPpBdiJgWHEDlcP7Jw5JX2
Refresh requested types: Device Info, User Consents, Send Tab To Self, Encryption Keys}
{"logTime": "0701/115000", "correlationVector":"bPpBdiJgWHEDlcP7Jw5JX2.1","action":"SyncServerConnectionManagerRequest", "result":"SYNC_SERVER_OK", "context":{"environment":"Prod_SoutheastAsia_000j", "migrationStage":"NotStarted", "server":"GENERAL0300001Y"}}
{"logTime": "0701/115000", "correlationVector":"bPpBdiJgWHEDlcP7Jw5JX2.2","action":"GetUpdates Response", "result":"Success", "context":Received 0 update(s). cV=bPpBdiJgWHEDlcP7Jw5JX2.0;server=GENERAL0300001Y;cloudType=Consumer;environment=Prod_SoutheastAsia_000j;migrationStage=NotStarted}
{"logTime": "0701/115459", "correlationVector":"rgNd9gFi9B5t7zB9dlSuGS","action":"Normal GetUpdate request", "result":"", "context":cV=rgNd9gFi9B5t7zB9dlSuGS
Refresh requested types: Device Info, User Consents, Send Tab To Self, Encryption Keys}
{"logTime": "0701/115500", "correlationVector":"rgNd9gFi9B5t7zB9dlSuGS.1","action":"SyncServerConnectionManagerRequest", "result":"SYNC_SERVER_OK", "context":{"environment":"Prod_SoutheastAsia_000j", "migrationStage":"NotStarted", "server":"GENERAL0300000C"}}
{"logTime": "0701/115500", "correlationVector":"rgNd9gFi9B5t7zB9dlSuGS.2","action":"GetUpdates Response", "result":"Success", "context":Received 0 update(s). cV=rgNd9gFi9B5t7zB9dlSuGS.0;server=GENERAL0300000C;cloudType=Consumer;environment=Prod_SoutheastAsia_000j;migrationStage=NotStarted}
{"logTime": "0701/125916", "correlationVector":"JcRAztLHcR/j/Tw6c0L1qf.1","action":"SyncServerConnectionManagerRequest", "result":"SYNC_SERVER_OK", "context":{"environment":"Prod_SoutheastAsia_000j", "migrationStage":"NotStarted", "server":"GENERAL03000010"}}
{"logTime": "0701/125917", "correlationVector":"aK0nNWrD8lLj/ErbZWvDIi","action":"SyncServerConnectionManagerRequest", "result":"SYNC_SERVER_OK", "context":{"environment":"", "migrationStage":"", "server":""}}
{"logTime": "0701/125917", "correlationVector":"JcRAztLHcR/j/Tw6c0L1qf","action":"Initial GetUpdates", "result":"", "context":Reason: NEW_CLIENT. cV=JcRAztLHcR/j/Tw6c0L1qf}
{"logTime": "0701/125917", "correlationVector":"JcRAztLHcR/j/Tw6c0L1qf.2","action":"GetUpdates Response", "result":"Success", "context":Received 1 update(s). cV=JcRAztLHcR/j/Tw6c0L1qf.0;server=GENERAL03000010;cloudType=Consumer;environment=Prod_SoutheastAsia_000j;migrationStage=NotStarted}
{"logTime": "0701/125917", "correlationVector":"iCvpHRp5WAdvFrbQW0hEm6","action":"Normal GetUpdate request", "result":"", "context":cV=iCvpHRp5WAdvFrbQW0hEm6
Refresh requested types: Device Info, User Consents, Send Tab To Self, Encryption Keys}
{"logTime": "0701/125917", "correlationVector":"iCvpHRp5WAdvFrbQW0hEm6.1","action":"SyncServerConnectionManagerRequest", "result":"SYNC_SERVER_OK", "context":{"environment":"Prod_SoutheastAsia_000j", "migrationStage":"NotStarted", "server":"GENERAL0300001L"}}
{"logTime": "0701/125917", "correlationVector":"iCvpHRp5WAdvFrbQW0hEm6.2","action":"GetUpdates Response", "result":"Success", "context":Received 0 update(s). cV=iCvpHRp5WAdvFrbQW0hEm6.0;server=GENERAL0300001L;cloudType=Consumer;environment=Prod_SoutheastAsia_000j;migrationStage=NotStarted}
{"logTime": "0701/130416", "correlationVector":"i2cqQ9/F8uAGUSOj1TQSVD","action":"Normal GetUpdate request", "result":"", "context":cV=i2cqQ9/F8uAGUSOj1TQSVD
Refresh requested types: Device Info, User Consents, Send Tab To Self, Encryption Keys}
{"logTime": "0701/130416", "correlationVector":"i2cqQ9/F8uAGUSOj1TQSVD.1","action":"SyncServerConnectionManagerRequest", "result":"SYNC_SERVER_OK", "context":{"environment":"Prod_SoutheastAsia_000j", "migrationStage":"NotStarted", "server":"GENERAL0100000E"}}
{"logTime": "0701/130416", "correlationVector":"i2cqQ9/F8uAGUSOj1TQSVD.2","action":"GetUpdates Response", "result":"Success", "context":Received 0 update(s). cV=i2cqQ9/F8uAGUSOj1TQSVD.0;server=GENERAL0100000E;cloudType=Consumer;environment=Prod_SoutheastAsia_000j;migrationStage=NotStarted}
